Removed Pin From Net: NetName=VCC_3V3PW Pin=RF-1
Removed Pin From Net: NetName=GPIO9 Pin=RF-2
Removed Pin From Net: NetName=GPIO7 Pin=RF-3
Removed Pin From Net: NetName=GPIO8 Pin=RF-4
Removed Pin From Net: NetName=GPIO19 Pin=RF-5
Removed Pin From Net: NetName=GPIO18 Pin=RF-6
Removed Pin From Net: NetName=GPIO10 Pin=RF-7
Removed Pin From Net: NetName=GND Pin=RF-8
Added Component: Designator=AMS1(SOT223)
Add component (AddParameter): Name = "Chung_Loai"; Value = "Dán"; VariantName = "[No Variations]"
Add component (AddParameter): Name = "Don_Vi"; Value = "Con"; VariantName = "[No Variations]"
Add component (AddParameter): Name = "Ghi_Chu"; Value = ""; VariantName = "[No Variations]"
Add component (AddParameter): Name = "Kieu_Chan"; Value = ""; VariantName = "[No Variations]"
Add component (AddParameter): Name = "Ma_Hang"; Value = "MH000596"; VariantName = "[No Variations]"
Add component (AddParameter): Name = "Value"; Value = "AMS1117-3.3V SOT223"; VariantName = "[No Variations]"
Added Component: Designator=BT(BAT_BK-18650-PC6)
Add component (AddParameter): Name = "Availability"; Value = "Unavailable"; VariantName = "[No Variations]"
Add component (AddParameter): Name = "MF"; Value = "MPD"; VariantName = "[No Variations]"
Add component (AddParameter): Name = "MP"; Value = "BK-18650-PC6"; VariantName = "[No Variations]"
Add component (AddParameter): Name = "Package"; Value = "None"; VariantName = "[No Variations]"
Add component (AddParameter): Name = "Price"; Value = "None"; VariantName = "[No Variations]"
Add component (AddParameter): Name = "SnapEDA_Link"; Value = "https://www.snapeda.com/parts/BK-18650-PC6/MPD/view-part/4480464/?ref=snap"; VariantName = "[No Variations]"
Add component (AddParameter): Name = "Value"; Value = ""; VariantName = "[No Variations]"
Added Component: Designator=C7(tu 0805)
Add component (AddParameter): Name = "Chung_Loai"; Value = "Dán"; VariantName = "[No Variations]"
Add component (AddParameter): Name = "Don_Vi"; Value = "Con"; VariantName = "[No Variations]"
Add component (AddParameter): Name = "Kieu_Chan"; Value = ""; VariantName = "[No Variations]"
Add component (AddParameter): Name = "Ma_Hang"; Value = "MH004553"; VariantName = "[No Variations]"
Add component (AddParameter): Name = "So_Chan"; Value = "2"; VariantName = "[No Variations]"
Add component (AddParameter): Name = "Ten_Linh_Kien"; Value = "T? 0805 106-10uF 10% 16V"; VariantName = "[No Variations]"
Added Component: Designator=C8(tu 0805)
Add component (AddParameter): Name = "Chung_Loai"; Value = "Dán"; VariantName = "[No Variations]"
Add component (AddParameter): Name = "Don_Vi"; Value = "Con"; VariantName = "[No Variations]"
Add component (AddParameter): Name = "Kieu_Chan"; Value = ""; VariantName = "[No Variations]"
Add component (AddParameter): Name = "Ma_Hang"; Value = "MH004551"; VariantName = "[No Variations]"
Add component (AddParameter): Name = "So_Chan"; Value = "2"; VariantName = "[No Variations]"
Add component (AddParameter): Name = "Ten_Linh_Kien"; Value = "T? 0805 104-100nF 10% 50V"; VariantName = "[No Variations]"
Added Component: Designator=C9(tu 0805)
Add component (AddParameter): Name = "Chung_Loai"; Value = "Dán"; VariantName = "[No Variations]"
Add component (AddParameter): Name = "Don_Vi"; Value = "Con"; VariantName = "[No Variations]"
Add component (AddParameter): Name = "Kieu_Chan"; Value = ""; VariantName = "[No Variations]"
Add component (AddParameter): Name = "Ma_Hang"; Value = "MH004553"; VariantName = "[No Variations]"
Add component (AddParameter): Name = "So_Chan"; Value = "2"; VariantName = "[No Variations]"
Add component (AddParameter): Name = "Ten_Linh_Kien"; Value = "T? 0805 106-10uF 10% 16V"; VariantName = "[No Variations]"
Added Component: Designator=C10(tu 0805)
Add component (AddParameter): Name = "Chung_Loai"; Value = "Dán"; VariantName = "[No Variations]"
Add component (AddParameter): Name = "Don_Vi"; Value = "Con"; VariantName = "[No Variations]"
Add component (AddParameter): Name = "Kieu_Chan"; Value = ""; VariantName = "[No Variations]"
Add component (AddParameter): Name = "Ma_Hang"; Value = "MH004551"; VariantName = "[No Variations]"
Add component (AddParameter): Name = "So_Chan"; Value = "2"; VariantName = "[No Variations]"
Add component (AddParameter): Name = "Ten_Linh_Kien"; Value = "T? 0805 104-100nF 10% 50V"; VariantName = "[No Variations]"
Added Component: Designator=J1(DC-BRICK)
Add component (AddParameter): Name = "Check_prices"; Value = "https://www.snapeda.com/parts/MP1584/Monolithic+Power+Systems+Inc./view-part/?ref=eda"; VariantName = "[No Variations]"
Add component (AddParameter): Name = "MF"; Value = "Monolithic Power"; VariantName = "[No Variations]"
Add component (AddParameter): Name = "MP"; Value = "MP1584"; VariantName = "[No Variations]"
Add component (AddParameter): Name = "Package"; Value = "SOIC-8 Monolithic Power"; VariantName = "[No Variations]"
Add component (AddParameter): Name = "SnapEDA_Link"; Value = "https://www.snapeda.com/parts/MP1584/Monolithic+Power+Systems+Inc./view-part/?ref=snap"; VariantName = "[No Variations]"
Add component (AddParameter): Name = "Value"; Value = ""; VariantName = "[No Variations]"
Added Component: Designator=J2(CON5_50_653005117322_TH_RA)
Add component (AddParameter): Name = "Alternate Part Number-1"; Value = "NA"; VariantName = "[No Variations]"
Add component (AddParameter): Name = "Case/Package"; Value = "TH-CON"; VariantName = "[No Variations]"
Add component (AddParameter): Name = "Crimp Part Number"; Value = "653153128130"; VariantName = "[No Variations]"
Add component (AddParameter): Name = "Manufacturer"; Value = "JST"; VariantName = "[No Variations]"
Add component (AddParameter): Name = "Manufacturer Part Number"; Value = "653005117322"; VariantName = "[No Variations]"
Add component (AddParameter): Name = "Mating Part Number"; Value = "653005113322"; VariantName = "[No Variations]"
Add component (AddParameter): Name = "Supplier Part Number-1"; Value = "653005117322"; VariantName = "[No Variations]"
Add component (AddParameter): Name = "Supplier-1"; Value = "WURTH"; VariantName = "[No Variations]"
Added Component: Designator=J_SIM(DC-BRICK)
Add component (AddParameter): Name = "Check_prices"; Value = "https://www.snapeda.com/parts/MP1584/Monolithic+Power+Systems+Inc./view-part/?ref=eda"; VariantName = "[No Variations]"
Add component (AddParameter): Name = "MF"; Value = "Monolithic Power"; VariantName = "[No Variations]"
Add component (AddParameter): Name = "MP"; Value = "MP1584"; VariantName = "[No Variations]"
Add component (AddParameter): Name = "Package"; Value = "SOIC-8 Monolithic Power"; VariantName = "[No Variations]"
Add component (AddParameter): Name = "SnapEDA_Link"; Value = "https://www.snapeda.com/parts/MP1584/Monolithic+Power+Systems+Inc./view-part/?ref=snap"; VariantName = "[No Variations]"
Add component (AddParameter): Name = "Value"; Value = ""; VariantName = "[No Variations]"
Added Pin To Net: NetName=GND Pin=AMS1-1
Added Pin To Net: NetName=VCC_3V3PW Pin=AMS1-2
Added Pin To Net: NetName=VCC_5VPW Pin=AMS1-3
Added Pin To Net: NetName=VCC_3V3PW Pin=AMS1-4
Added Pin To Net: NetName=BAT_11V6 Pin=BT-1+
Added Pin To Net: NetName=NetBT_1- Pin=BT-1-
Added Pin To Net: NetName=NetBT_2+ Pin=BT-2+
Added Pin To Net: NetName=NetBT_1- Pin=BT-2-
Added Pin To Net: NetName=NetBT_2+ Pin=BT-3+
Added Pin To Net: NetName=GND Pin=BT-3-
Added Pin To Net: NetName=VCC_3V3PW Pin=C7-1
Added Pin To Net: NetName=GND Pin=C7-2
Added Pin To Net: NetName=VCC_3V3PW Pin=C8-1
Added Pin To Net: NetName=GND Pin=C8-2
Added Pin To Net: NetName=VCC_5VPW Pin=C9-1
Added Pin To Net: NetName=GND Pin=C9-2
Added Pin To Net: NetName=VCC_5VPW Pin=C10-1
Added Pin To Net: NetName=GND Pin=C10-2
Added Pin To Net: NetName=BAT_11V6 Pin=J1-IN1+
Added Pin To Net: NetName=GND Pin=J1-IN1-
Added Pin To Net: NetName=BAT_11V6 Pin=J1-IN2+
Added Pin To Net: NetName=GND Pin=J1-IN2-
Added Pin To Net: NetName=VCC_5VPW Pin=J1-OUT1+
Added Pin To Net: NetName=GND Pin=J1-OUT1-
Added Pin To Net: NetName=VCC_5VPW Pin=J1-OUT2+
Added Pin To Net: NetName=GND Pin=J1-OUT2-
Added Pin To Net: NetName=BAT_11V6 Pin=J2-1
Added Pin To Net: NetName=V_SIM_7V Pin=J2-2
Added Pin To Net: NetName=VCC_5VPW Pin=J2-3
Added Pin To Net: NetName=VCC_3V3PW Pin=J2-4
Added Pin To Net: NetName=GND Pin=J2-5
Added Pin To Net: NetName=BAT_11V6 Pin=J_SIM-IN1+
Added Pin To Net: NetName=GND Pin=J_SIM-IN1-
Added Pin To Net: NetName=BAT_11V6 Pin=J_SIM-IN2+
Added Pin To Net: NetName=GND Pin=J_SIM-IN2-
Added Pin To Net: NetName=V_SIM_7V Pin=J_SIM-OUT1+
Added Pin To Net: NetName=GND Pin=J_SIM-OUT1-
Added Pin To Net: NetName=V_SIM_7V Pin=J_SIM-OUT2+
Added Pin To Net: NetName=GND Pin=J_SIM-OUT2-
Added Pin To Net: NetName=GND Pin=RF-1
Added Pin To Net: NetName=GPIO10 Pin=RF-2
Added Pin To Net: NetName=GPIO18 Pin=RF-3
Added Pin To Net: NetName=GPIO19 Pin=RF-4
Added Pin To Net: NetName=GPIO8 Pin=RF-5
Added Pin To Net: NetName=GPIO7 Pin=RF-6
Added Pin To Net: NetName=GPIO9 Pin=RF-7
Added Pin To Net: NetName=VCC_3V3PW Pin=RF-8
Added Member To Class: ClassName=POWER Member=Component AMS1 AMS1117-3.3V
Added Member To Class: ClassName=POWER Member=Component BT BK-18650-PC6
Added Member To Class: ClassName=POWER Member=Component C7 106
Added Member To Class: ClassName=POWER Member=Component C8 104
Added Member To Class: ClassName=POWER Member=Component C9 106
Added Member To Class: ClassName=POWER Member=Component C10 104
Added Member To Class: ClassName=POWER Member=Component J1 MP1584
Added Member To Class: ClassName=POWER Member=Component J2 653005117322
Added Member To Class: ClassName=POWER Member=Component J_SIM MP1584
Added Room: Name=POWER
Added Room: Name=RA02
