Removed Pin From Net: NetName=BAT- Pin=BT1-1-
Removed Pin From Net: NetName=BAT+ Pin=BT1-2-
Change Component DesignItemId : Designator=U1 Old DesignItemId=MP1482DS-LF New DesignItemId=MP1482DS-LF-Z
Change Component Comment : Designator=U1 Old Comment=MP1482DS New Comment=MP1482DS-LF-Z
Change Component Library : Designator=U1 Old Library=MP1482DS-LF.IntLib New Library=MP1482DS-LF-Z.IntLib
Change component parameters: Designator = "U1" ("U1"); Footprint = "SOIC8"; UniqueID = "\YYYTIOSW" ("\YYYTIOSW")
Change component parameters (AddParameter): Name = "Availability"; Value = "In Stock"; VariantName = "[No Variations]"
Change component parameters (AddParameter): Name = "Check_prices"; Value = "https://www.snapeda.com/parts/MP1482DS-LF-Z/Monolithic+Power+Systems+Inc./view-part/?ref=eda"; VariantName = "[No Variations]"
Change component parameters (AddParameter): Name = "MF"; Value = "Monolithic Power"; VariantName = "[No Variations]"
Change component parameters (AddParameter): Name = "MP"; Value = "MP1482DS-LF-Z"; VariantName = "[No Variations]"
Change component parameters (AddParameter): Name = "Package"; Value = "SOIC-8 Monolithic Power Systems"; VariantName = "[No Variations]"
Change component parameters (AddParameter): Name = "Price"; Value = "None"; VariantName = "[No Variations]"
Change component parameters (AddParameter): Name = "Purchase-URL"; Value = "https://pricing.snapeda.com/search?q=MP1482DS-LF-Z&ref=eda"; VariantName = "[No Variations]"
Change component parameters (AddParameter): Name = "SnapEDA_Link"; Value = "https://www.snapeda.com/parts/MP1482DS-LF-Z/Monolithic+Power+Systems+Inc./view-part/?ref=snap"; VariantName = "[No Variations]"
Change component parameters (AddParameter): Name = "Value"; Value = ""; VariantName = "[No Variations]"
Added Pin To Net: NetName=BAT+ Pin=BT1-1-
Added Pin To Net: NetName=BAT- Pin=BT1-2-
Added Member To Class: ClassName=Power Member=Component L1 ASPI-0520-4R7M-T2
Added Member To Class: ClassName=Power Member=Component VR1 100k
Added Room: Name=Power
