Removed Pin From Net: NetName=BAT- Pin=BT_BOT-1
Removed Pin From Net: NetName=GPIO9 Pin=BT_BOT-2
Removed Pin From Net: NetName=BAT- Pin=BT_EN-1
Removed Pin From Net: NetName=CHIP_EN Pin=BT_EN-4
Removed Pin From Net: NetName=VBUS Pin=C4-1
Removed Pin From Net: NetName=BAT- Pin=C4-2
Removed Pin From Net: NetName=VBUS Pin=C5-1
Removed Pin From Net: NetName=BAT- Pin=C5-2
Removed Pin From Net: NetName=GPIO9 Pin=C13-1
Removed Pin From Net: NetName=BAT- Pin=C13-2
Removed Pin From Net: NetName=CHIP_EN Pin=C14-1
Removed Pin From Net: NetName=BAT- Pin=C14-2
Removed Pin From Net: NetName=VBUS Pin=D1-2
Removed Pin From Net: NetName=VBUS Pin=U3-16
Removed Member From Class: ClassName=ESP32C3-MINI Member=C4
Removed Member From Class: ClassName=ESP32C3-MINI Member=C5
Change Component Designator: OldDesignator=DS18B20 NewDesignator=H1
Change Component Designator: OldDesignator=RS485 NewDesignator=H2
Added Pin To Net: NetName=GPIO9 Pin=BT_BOT-1
Added Pin To Net: NetName=BAT- Pin=BT_BOT-2
Added Pin To Net: NetName=GPIO9 Pin=BT_BOT-3
Added Pin To Net: NetName=BAT- Pin=BT_BOT-4
Added Pin To Net: NetName=CHIP_EN Pin=BT_EN-1
Added Pin To Net: NetName=BAT- Pin=BT_EN-2
Added Pin To Net: NetName=CHIP_EN Pin=BT_EN-3
Added Pin To Net: NetName=BAT- Pin=BT_EN-4
Added Pin To Net: NetName=BAT- Pin=C13-1
Added Pin To Net: NetName=GPIO9 Pin=C13-2
Added Pin To Net: NetName=BAT- Pin=C14-1
Added Pin To Net: NetName=CHIP_EN Pin=C14-2
Change Net Name : Old Net Name=VBUS New Net Name=VCC_5V
Added Pin To Net: NetName=VBUS Pin=D1-2
Added Pin To Net: NetName=VBUS Pin=U3-16
Added Net: Name=VBUS
Added Room: Name=ESP32C3-MINI
Added Room: Name=Power
Added Room: Name=RS485
Added Room: Name=Temp
