Change Component DesignItemId : Designator=H4 Old DesignItemId=JP 1x4 2.54 Duc Thang New DesignItemId=JP 2x4 2.54 Duc Thang
Change Component DesignItemId : Designator=H3 Old DesignItemId=JP 1x5 2.54 Duc Thang New DesignItemId=JP 2x5 2.54 Duc Thang
Change Component Footprint: Designator=H4 Old Footprint=JP 1x4 DT New Footprint=JP 2x4 DT
Change Component Footprint: Designator=H3 Old Footprint=JP 1x5 DT New Footprint=JP 2x5 DT
Change Component Comment : Designator=H4 Old Comment=JP 1x4 2.54 New Comment=JP 2x4 2.54
Change Component Comment : Designator=H3 Old Comment=JP 1x5 2.54 New Comment=JP 2x5 2.54
Change component parameters: Designator = "H3" ("H3"); Footprint = "JP 1x5 DT"; UniqueID = "\UIRFDKXX" ("\UIRFDKXX")
Change component parameters (AddParameter): Name = "Chung_Loai"; Value = "C?m"; VariantName = "[No Variations]"
Change component parameters (AddParameter): Name = "Don_Vi"; Value = "Con"; VariantName = "[No Variations]"
Change component parameters (AddParameter): Name = "Ghi_Chu"; Value = ""; VariantName = "[No Variations]"
Change component parameters (AddParameter): Name = "Kieu_Chan"; Value = ""; VariantName = "[No Variations]"
Change component parameters (AddParameter): Name = "Ma_Hang"; Value = "MH002686"; VariantName = "[No Variations]"
Change component parameters (AddParameter): Name = "Ten_Linh_Kien"; Value = "Jump Ðôi Ð?c 2.54MM 2x40P Th?ng 11MM"; VariantName = "[No Variations]"
Change component parameters: Designator = "H4" ("H4"); Footprint = "JP 1x4 DT"; UniqueID = "\AARGPLUR" ("\AARGPLUR")
Change component parameters (AddParameter): Name = "Chung_Loai"; Value = "C?m"; VariantName = "[No Variations]"
Change component parameters (AddParameter): Name = "Don_Vi"; Value = "Con"; VariantName = "[No Variations]"
Change component parameters (AddParameter): Name = "Ghi_Chu"; Value = ""; VariantName = "[No Variations]"
Change component parameters (AddParameter): Name = "Kieu_Chan"; Value = ""; VariantName = "[No Variations]"
Change component parameters (AddParameter): Name = "Ma_Hang"; Value = "MH002686"; VariantName = "[No Variations]"
Change component parameters (AddParameter): Name = "Ten_Linh_Kien"; Value = "Jump Ðôi Ð?c 2.54MM 2x40P Th?ng 11MM"; VariantName = "[No Variations]"
Added Pin To Net: NetName=A+ Pin=H3-6
Added Pin To Net: NetName=B- Pin=H3-8
Added Pin To Net: NetName=NC Pin=H3-10
Added Pin To Net: NetName=BAT- Pin=H4-5
Added Pin To Net: NetName=GPIO3 Pin=H4-6
Added Pin To Net: NetName=GPIO2 Pin=H4-7
Added Pin To Net: NetName=VBUS Pin=H4-8
Added Room: Name=ESP32C3-MINI
Added Room: Name=Power
Added Room: Name=RS485
Added Room: Name=Temp
