Added Component: Designator=H2(XH2.54M-4)
Add component (AddParameter): Name = "Chung_Loai"; Value = "C?m"; VariantName = "[No Variations]"
Add component (AddParameter): Name = "Don_Vi"; Value = "Con"; VariantName = "[No Variations]"
Add component (AddParameter): Name = "Ghi_Chu"; Value = ""; VariantName = "[No Variations]"
Add component (AddParameter): Name = "Kieu_Chan"; Value = ""; VariantName = "[No Variations]"
Add component (AddParameter): Name = "Ma_Hang"; Value = "MH001285"; VariantName = "[No Variations]"
Add component (AddParameter): Name = "Ten_Linh_Kien"; Value = "Header 4P XH2.54-4P Ð?c Th?ng"; VariantName = "[No Variations]"
Added Component: Designator=H3(XH2.54M-5)
Add component (AddParameter): Name = "Chung_Loai"; Value = "C?m"; VariantName = "[No Variations]"
Add component (AddParameter): Name = "Don_Vi"; Value = "Con"; VariantName = "[No Variations]"
Add component (AddParameter): Name = "Ghi_Chu"; Value = ""; VariantName = "[No Variations]"
Add component (AddParameter): Name = "Kieu_Chan"; Value = ""; VariantName = "[No Variations]"
Add component (AddParameter): Name = "Ma_Hang"; Value = "MH001298"; VariantName = "[No Variations]"
Add component (AddParameter): Name = "Ten_Linh_Kien"; Value = "Header 5P XH2.54-5P Ð?c Th?ng"; VariantName = "[No Variations]"
Added Component: Designator=H4(XH2.54M-4)
Add component (AddParameter): Name = "Chung_Loai"; Value = "C?m"; VariantName = "[No Variations]"
Add component (AddParameter): Name = "Don_Vi"; Value = "Con"; VariantName = "[No Variations]"
Add component (AddParameter): Name = "Ghi_Chu"; Value = ""; VariantName = "[No Variations]"
Add component (AddParameter): Name = "Kieu_Chan"; Value = ""; VariantName = "[No Variations]"
Add component (AddParameter): Name = "Ma_Hang"; Value = "MH001285"; VariantName = "[No Variations]"
Add component (AddParameter): Name = "Ten_Linh_Kien"; Value = "Header 4P XH2.54-4P Ð?c Th?ng"; VariantName = "[No Variations]"
Added Pin To Net: NetName=BAT- Pin=H2-4
Added Pin To Net: NetName=VCC_5V Pin=H4-1
Added Pin To Net: NetName=GPIO2 Pin=H4-2
Added Pin To Net: NetName=GPIO3 Pin=H4-3
Added Pin To Net: NetName=BAT- Pin=H4-4
Added Pin To Net: NetName=A+ Pin=H2-2
Added Pin To Net: NetName=A+ Pin=H3-5
Added Net: Name=A+
Added Pin To Net: NetName=B- Pin=H2-3
Added Pin To Net: NetName=B- Pin=H3-3
Added Net: Name=B-
Added Pin To Net: NetName=NC Pin=H3-1
Added Net: Name=NC
Added Pin To Net: NetName=VCC_12V Pin=H2-1
Added Net: Name=VCC_12V
Added Class: Name=RS485
Added Room: Name=ESP32C3-MINI
Added Room: Name=Power
Added Room: Name=RS485
Added Room: Name=Temp
