Removed Pin From Net: NetName=VCC_3V3 Pin=AMS2-2
Removed Pin From Net: NetName=VCC_3V3 Pin=AMS2-4
Removed Pin From Net: NetName=GND Pin=C3-2
Removed Pin From Net: NetName=VCC_3V3 Pin=C4-1
Removed Pin From Net: NetName=VCC_3V3 Pin=C5-1
Removed Pin From Net: NetName=GND Pin=H1-3
Removed Pin From Net: NetName=VBUS Pin=H4-1
Removed Pin From Net: NetName=GPIO2 Pin=H4-2
Removed Pin From Net: NetName=GPIO3 Pin=H4-3
Removed Pin From Net: NetName=GPIO3 Pin=H4-6
Removed Pin From Net: NetName=GPIO2 Pin=H4-7
Removed Pin From Net: NetName=VBUS Pin=H4-8
Removed Pin From Net: NetName=VCC_3V3 Pin=R5-2
Change Net Name : Old Net Name=VCC_3V3 New Net Name=VCC_3V3PW
Added Pin To Net: NetName=NetC3_2 Pin=C3-2
Added Pin To Net: NetName=NetC3_2 Pin=H1-3
Added Net: Name=NetC3_2
Added Pin To Net: NetName=RSRX2 Pin=H4-3
Added Pin To Net: NetName=RSRX2 Pin=H4-6
Added Net: Name=RSRX2
Added Pin To Net: NetName=RSTX2 Pin=H4-2
Added Pin To Net: NetName=RSTX2 Pin=H4-7
Added Net: Name=RSTX2
Added Pin To Net: NetName=VCC_3V3MCU Pin=AMS2-2
Added Pin To Net: NetName=VCC_3V3MCU Pin=AMS2-4
Added Pin To Net: NetName=VCC_3V3MCU Pin=C1-1
Added Pin To Net: NetName=VCC_3V3MCU Pin=C2-1
Added Pin To Net: NetName=VCC_3V3MCU Pin=C4-1
Added Pin To Net: NetName=VCC_3V3MCU Pin=C5-1
Added Pin To Net: NetName=VCC_3V3MCU Pin=R5-2
Added Pin To Net: NetName=VCC_3V3MCU Pin=R20-2
Added Pin To Net: NetName=VCC_3V3MCU Pin=U1-3
Added Net: Name=VCC_3V3MCU
Added Pin To Net: NetName=VCC_5V Pin=H4-1
Added Pin To Net: NetName=VCC_5V Pin=H4-8
Added Net: Name=VCC_5V
Added Room: Name=ESP32C3-MINI
Added Room: Name=Power
Added Room: Name=RS485
Added Room: Name=Temp
