Removed Pin From Net: NetName=GPIO7 Pin=C3-2
Removed Pin From Net: NetName=GPIO7 Pin=DS18-3
Removed Pin From Net: NetName=V_SIM_7V Pin=P_IN-4
Removed Pin From Net: NetName=BAT_11V6 Pin=P_IN-5
Removed Pin From Net: NetName=GPIO0 Pin=Soil-3
Change Component Footprint: Designator=P_IN Old Footprint=XH2.54M-5 New Footprint=XH2.54M-4
Change Component Comment : Designator=P_IN Old Comment=Comment New Comment=Header 4P 2.54 Duc Thang
Change component parameters: Designator = "P_IN" ("P_IN"); Footprint = "XH2.54M-5"; UniqueID = "\RHIFXOUL\OIDNEPSB" ("\RHIFXOUL\OIDNEPSB")
Change component parameters (AddParameter): Name = "Chung_Loai"; Value = "C?m"; VariantName = "[No Variations]"
Change component parameters (AddParameter): Name = "Don_Vi"; Value = "Con"; VariantName = "[No Variations]"
Change component parameters (AddParameter): Name = "Ghi_Chu"; Value = ""; VariantName = "[No Variations]"
Change component parameters (AddParameter): Name = "Kieu_Chan"; Value = ""; VariantName = "[No Variations]"
Change component parameters (AddParameter): Name = "Ma_Hang"; Value = "MH001298"; VariantName = "[No Variations]"
Change component parameters (AddParameter): Name = "Ten_Linh_Kien"; Value = "Header 5P XH2.54-5P Ð?c Th?ng"; VariantName = "[No Variations]"
Added Component: Designator=AMS1(SOT223)
Add component (AddParameter): Name = "Chung_Loai"; Value = "Dán"; VariantName = "[No Variations]"
Add component (AddParameter): Name = "Don_Vi"; Value = "Con"; VariantName = "[No Variations]"
Add component (AddParameter): Name = "Ghi_Chu"; Value = ""; VariantName = "[No Variations]"
Add component (AddParameter): Name = "Kieu_Chan"; Value = ""; VariantName = "[No Variations]"
Add component (AddParameter): Name = "Ma_Hang"; Value = "MH000596"; VariantName = "[No Variations]"
Add component (AddParameter): Name = "Value"; Value = "AMS1117-3.3V SOT223"; VariantName = "[No Variations]"
Added Component: Designator=BT(BAT_BK-18650-PC6)
Add component (AddParameter): Name = "Availability"; Value = "Unavailable"; VariantName = "[No Variations]"
Add component (AddParameter): Name = "MF"; Value = "MPD"; VariantName = "[No Variations]"
Add component (AddParameter): Name = "MP"; Value = "BK-18650-PC6"; VariantName = "[No Variations]"
Add component (AddParameter): Name = "Package"; Value = "None"; VariantName = "[No Variations]"
Add component (AddParameter): Name = "Price"; Value = "None"; VariantName = "[No Variations]"
Add component (AddParameter): Name = "SnapEDA_Link"; Value = "https://www.snapeda.com/parts/BK-18650-PC6/MPD/view-part/4480464/?ref=snap"; VariantName = "[No Variations]"
Add component (AddParameter): Name = "Value"; Value = ""; VariantName = "[No Variations]"
Added Component: Designator=C7(tu 0805)
Add component (AddParameter): Name = "Chung_Loai"; Value = "Dán"; VariantName = "[No Variations]"
Add component (AddParameter): Name = "Don_Vi"; Value = "Con"; VariantName = "[No Variations]"
Add component (AddParameter): Name = "Kieu_Chan"; Value = ""; VariantName = "[No Variations]"
Add component (AddParameter): Name = "Ma_Hang"; Value = "MH004553"; VariantName = "[No Variations]"
Add component (AddParameter): Name = "So_Chan"; Value = "2"; VariantName = "[No Variations]"
Add component (AddParameter): Name = "Ten_Linh_Kien"; Value = "T? 0805 106-10uF 10% 16V"; VariantName = "[No Variations]"
Added Component: Designator=C8(tu 0805)
Add component (AddParameter): Name = "Chung_Loai"; Value = "Dán"; VariantName = "[No Variations]"
Add component (AddParameter): Name = "Don_Vi"; Value = "Con"; VariantName = "[No Variations]"
Add component (AddParameter): Name = "Kieu_Chan"; Value = ""; VariantName = "[No Variations]"
Add component (AddParameter): Name = "Ma_Hang"; Value = "MH004551"; VariantName = "[No Variations]"
Add component (AddParameter): Name = "So_Chan"; Value = "2"; VariantName = "[No Variations]"
Add component (AddParameter): Name = "Ten_Linh_Kien"; Value = "T? 0805 104-100nF 10% 50V"; VariantName = "[No Variations]"
Added Component: Designator=C9(tu 0805)
Add component (AddParameter): Name = "Chung_Loai"; Value = "Dán"; VariantName = "[No Variations]"
Add component (AddParameter): Name = "Don_Vi"; Value = "Con"; VariantName = "[No Variations]"
Add component (AddParameter): Name = "Kieu_Chan"; Value = ""; VariantName = "[No Variations]"
Add component (AddParameter): Name = "Ma_Hang"; Value = "MH004553"; VariantName = "[No Variations]"
Add component (AddParameter): Name = "So_Chan"; Value = "2"; VariantName = "[No Variations]"
Add component (AddParameter): Name = "Ten_Linh_Kien"; Value = "T? 0805 106-10uF 10% 16V"; VariantName = "[No Variations]"
Added Component: Designator=C10(tu 0805)
Add component (AddParameter): Name = "Chung_Loai"; Value = "Dán"; VariantName = "[No Variations]"
Add component (AddParameter): Name = "Don_Vi"; Value = "Con"; VariantName = "[No Variations]"
Add component (AddParameter): Name = "Kieu_Chan"; Value = ""; VariantName = "[No Variations]"
Add component (AddParameter): Name = "Ma_Hang"; Value = "MH004551"; VariantName = "[No Variations]"
Add component (AddParameter): Name = "So_Chan"; Value = "2"; VariantName = "[No Variations]"
Add component (AddParameter): Name = "Ten_Linh_Kien"; Value = "T? 0805 104-100nF 10% 50V"; VariantName = "[No Variations]"
Added Component: Designator=J1(DC-BRICK)
Add component (AddParameter): Name = "Check_prices"; Value = "https://www.snapeda.com/parts/MP1584/Monolithic+Power+Systems+Inc./view-part/?ref=eda"; VariantName = "[No Variations]"
Add component (AddParameter): Name = "MF"; Value = "Monolithic Power"; VariantName = "[No Variations]"
Add component (AddParameter): Name = "MP"; Value = "MP1584"; VariantName = "[No Variations]"
Add component (AddParameter): Name = "Package"; Value = "SOIC-8 Monolithic Power"; VariantName = "[No Variations]"
Add component (AddParameter): Name = "SnapEDA_Link"; Value = "https://www.snapeda.com/parts/MP1584/Monolithic+Power+Systems+Inc./view-part/?ref=snap"; VariantName = "[No Variations]"
Add component (AddParameter): Name = "Value"; Value = ""; VariantName = "[No Variations]"
Added Component: Designator=J_SIM(DC-BRICK)
Add component (AddParameter): Name = "Check_prices"; Value = "https://www.snapeda.com/parts/MP1584/Monolithic+Power+Systems+Inc./view-part/?ref=eda"; VariantName = "[No Variations]"
Add component (AddParameter): Name = "MF"; Value = "Monolithic Power"; VariantName = "[No Variations]"
Add component (AddParameter): Name = "MP"; Value = "MP1584"; VariantName = "[No Variations]"
Add component (AddParameter): Name = "Package"; Value = "SOIC-8 Monolithic Power"; VariantName = "[No Variations]"
Add component (AddParameter): Name = "SnapEDA_Link"; Value = "https://www.snapeda.com/parts/MP1584/Monolithic+Power+Systems+Inc./view-part/?ref=snap"; VariantName = "[No Variations]"
Add component (AddParameter): Name = "Value"; Value = ""; VariantName = "[No Variations]"
Added Component: Designator=JP1(JP 2x3 DT)
Add component (AddParameter): Name = "Chung_Loai"; Value = "C?m"; VariantName = "[No Variations]"
Add component (AddParameter): Name = "Don_Vi"; Value = "Con"; VariantName = "[No Variations]"
Add component (AddParameter): Name = "Ghi_Chu"; Value = ""; VariantName = "[No Variations]"
Add component (AddParameter): Name = "Kieu_Chan"; Value = ""; VariantName = "[No Variations]"
Add component (AddParameter): Name = "Ma_Hang"; Value = "MH002686"; VariantName = "[No Variations]"
Add component (AddParameter): Name = "Ten_Linh_Kien"; Value = "Jump Ðôi Ð?c 2.54MM 2x40P Th?ng 11MM"; VariantName = "[No Variations]"
Added Component: Designator=JP2(JP 2x3 DT)
Add component (AddParameter): Name = "Chung_Loai"; Value = "C?m"; VariantName = "[No Variations]"
Add component (AddParameter): Name = "Don_Vi"; Value = "Con"; VariantName = "[No Variations]"
Add component (AddParameter): Name = "Ghi_Chu"; Value = ""; VariantName = "[No Variations]"
Add component (AddParameter): Name = "Kieu_Chan"; Value = ""; VariantName = "[No Variations]"
Add component (AddParameter): Name = "Ma_Hang"; Value = "MH002686"; VariantName = "[No Variations]"
Add component (AddParameter): Name = "Ten_Linh_Kien"; Value = "Jump Ðôi Ð?c 2.54MM 2x40P Th?ng 11MM"; VariantName = "[No Variations]"
Added Component: Designator=JP3(JP 2x3 DT)
Add component (AddParameter): Name = "Chung_Loai"; Value = "C?m"; VariantName = "[No Variations]"
Add component (AddParameter): Name = "Don_Vi"; Value = "Con"; VariantName = "[No Variations]"
Add component (AddParameter): Name = "Ghi_Chu"; Value = ""; VariantName = "[No Variations]"
Add component (AddParameter): Name = "Kieu_Chan"; Value = ""; VariantName = "[No Variations]"
Add component (AddParameter): Name = "Ma_Hang"; Value = "MH002686"; VariantName = "[No Variations]"
Add component (AddParameter): Name = "Ten_Linh_Kien"; Value = "Jump Ðôi Ð?c 2.54MM 2x40P Th?ng 11MM"; VariantName = "[No Variations]"
Added Pin To Net: NetName=GND Pin=AMS1-1
Added Pin To Net: NetName=VCC_3V3PW Pin=AMS1-2
Added Pin To Net: NetName=VCC_5VPW Pin=AMS1-3
Added Pin To Net: NetName=VCC_3V3PW Pin=AMS1-4
Added Pin To Net: NetName=BAT_11V6 Pin=BT-1+
Added Pin To Net: NetName=NetBT_1- Pin=BT-1-
Added Pin To Net: NetName=NetBT_2+ Pin=BT-2+
Added Pin To Net: NetName=NetBT_1- Pin=BT-2-
Added Pin To Net: NetName=NetBT_2+ Pin=BT-3+
Added Pin To Net: NetName=GND Pin=BT-3-
Added Pin To Net: NetName=GPIO0 Pin=C3-2
Added Pin To Net: NetName=VCC_3V3PW Pin=C7-1
Added Pin To Net: NetName=GND Pin=C7-2
Added Pin To Net: NetName=VCC_3V3PW Pin=C8-1
Added Pin To Net: NetName=GND Pin=C8-2
Added Pin To Net: NetName=VCC_5VPW Pin=C9-1
Added Pin To Net: NetName=GND Pin=C9-2
Added Pin To Net: NetName=VCC_5VPW Pin=C10-1
Added Pin To Net: NetName=GND Pin=C10-2
Added Pin To Net: NetName=GPIO0 Pin=DS18-3
Added Pin To Net: NetName=BAT_11V6 Pin=J1-IN1+
Added Pin To Net: NetName=GND Pin=J1-IN1-
Added Pin To Net: NetName=BAT_11V6 Pin=J1-IN2+
Added Pin To Net: NetName=GND Pin=J1-IN2-
Added Pin To Net: NetName=VCC_5VPW Pin=J1-OUT1+
Added Pin To Net: NetName=GND Pin=J1-OUT1-
Added Pin To Net: NetName=VCC_5VPW Pin=J1-OUT2+
Added Pin To Net: NetName=GND Pin=J1-OUT2-
Added Pin To Net: NetName=BAT_11V6 Pin=J_SIM-IN1+
Added Pin To Net: NetName=GND Pin=J_SIM-IN1-
Added Pin To Net: NetName=BAT_11V6 Pin=J_SIM-IN2+
Added Pin To Net: NetName=GND Pin=J_SIM-IN2-
Added Pin To Net: NetName=V_SIM_7V Pin=J_SIM-OUT1+
Added Pin To Net: NetName=GND Pin=J_SIM-OUT1-
Added Pin To Net: NetName=V_SIM_7V Pin=J_SIM-OUT2+
Added Pin To Net: NetName=GND Pin=J_SIM-OUT2-
Added Pin To Net: NetName=GND Pin=JP1-1
Added Pin To Net: NetName=GND Pin=JP1-2
Added Pin To Net: NetName=GND Pin=JP1-3
Added Pin To Net: NetName=BAT_11V6 Pin=JP1-4
Added Pin To Net: NetName=BAT_11V6 Pin=JP1-5
Added Pin To Net: NetName=BAT_11V6 Pin=JP1-6
Added Pin To Net: NetName=GND Pin=JP2-1
Added Pin To Net: NetName=GND Pin=JP2-2
Added Pin To Net: NetName=GND Pin=JP2-3
Added Pin To Net: NetName=VCC_5VPW Pin=JP2-4
Added Pin To Net: NetName=VCC_5VPW Pin=JP2-5
Added Pin To Net: NetName=VCC_5VPW Pin=JP2-6
Added Pin To Net: NetName=GND Pin=JP3-1
Added Pin To Net: NetName=GND Pin=JP3-2
Added Pin To Net: NetName=GND Pin=JP3-3
Added Pin To Net: NetName=VCC_3V3PW Pin=JP3-4
Added Pin To Net: NetName=VCC_3V3PW Pin=JP3-5
Added Pin To Net: NetName=VCC_3V3PW Pin=JP3-6
Added Pin To Net: NetName=BAT_11V6 Pin=P_IN-4
Added Pin To Net: NetName=GPIO1 Pin=Soil-3
Added Member To Class: ClassName=POWER Member=Component AMS1 AMS1117-3.3V
Added Member To Class: ClassName=POWER Member=Component BT BK-18650-PC6
Added Member To Class: ClassName=POWER Member=Component C7 106
Added Member To Class: ClassName=POWER Member=Component C8 104
Added Member To Class: ClassName=POWER Member=Component C9 106
Added Member To Class: ClassName=POWER Member=Component C10 104
Added Member To Class: ClassName=POWER Member=Component J1 MP1584
Added Member To Class: ClassName=POWER Member=Component J_SIM MP1584
Added Member To Class: ClassName=POWER Member=Component JP1 JP 2x3 2.54
Added Member To Class: ClassName=POWER Member=Component JP2 JP 2x3 2.54
Added Member To Class: ClassName=POWER Member=Component JP3 JP 2x3 2.54
Added Member To Class: ClassName=ESP32C3-MINI Member=Component P_IN Header 4P 2.54 Duc Thang
Added Room: Name=BH1750
Added Room: Name=ESP32C3-MINI
Added Room: Name=POWER
Added Room: Name=RS485
Added Room: Name=RTC
Added Room: Name=SHT
Added Room: Name=SIM
Added Room: Name=Soil
Added Room: Name=Soil_temp
