Added Component: Designator=BT1(Nut Nhan 4 Chan SMD 6x6)
Add component (AddParameter): Name = "Ma_Hang"; Value = "MH002424"; VariantName = "[No Variations]"
Add component (AddParameter): Name = "Ten"; Value = "Nút Nh?n 4 Chân 6.2x6.2x3.1MM SMD"; VariantName = "[No Variations]"
Added Component: Designator=BT2(Nut Nhan 4 Chan SMD 6x6)
Add component (AddParameter): Name = "Ma_Hang"; Value = "MH002424"; VariantName = "[No Variations]"
Add component (AddParameter): Name = "Ten"; Value = "Nút Nh?n 4 Chân 6.2x6.2x3.1MM SMD"; VariantName = "[No Variations]"
Added Component: Designator=BT3(BAT_BK-18650-PC4)
Add component (AddParameter): Name = "Availability"; Value = "Unavailable"; VariantName = "[No Variations]"
Add component (AddParameter): Name = "MF"; Value = ""; VariantName = "[No Variations]"
Add component (AddParameter): Name = "MP"; Value = "BK-18650-PC4"; VariantName = "[No Variations]"
Add component (AddParameter): Name = "Package"; Value = "None"; VariantName = "[No Variations]"
Add component (AddParameter): Name = "Price"; Value = "None"; VariantName = "[No Variations]"
Add component (AddParameter): Name = "Value"; Value = ""; VariantName = "[No Variations]"
Added Component: Designator=C1(tu 1206)
Add component (AddParameter): Name = "Chung_Loai"; Value = "Dán"; VariantName = "[No Variations]"
Add component (AddParameter): Name = "Don_Vi"; Value = "Con"; VariantName = "[No Variations]"
Add component (AddParameter): Name = "Kieu_Chan"; Value = ""; VariantName = "[No Variations]"
Add component (AddParameter): Name = "Ma_Hang"; Value = "MH004541"; VariantName = "[No Variations]"
Add component (AddParameter): Name = "So_Chan"; Value = "2"; VariantName = "[No Variations]"
Add component (AddParameter): Name = "Ten_Linh_Kien"; Value = "T? 1206 106-10uF 20% 16V"; VariantName = "[No Variations]"
Added Component: Designator=C2(tu 1206)
Add component (AddParameter): Name = "Chung_Loai"; Value = "Dán"; VariantName = "[No Variations]"
Add component (AddParameter): Name = "Don_Vi"; Value = "Con"; VariantName = "[No Variations]"
Add component (AddParameter): Name = "Kieu_Chan"; Value = ""; VariantName = "[No Variations]"
Add component (AddParameter): Name = "Ma_Hang"; Value = "MH004544"; VariantName = "[No Variations]"
Add component (AddParameter): Name = "So_Chan"; Value = "2"; VariantName = "[No Variations]"
Add component (AddParameter): Name = "Ten_Linh_Kien"; Value = "T? 1206 104-0.1uF 20% 50V"; VariantName = "[No Variations]"
Added Component: Designator=C3(tu 0805)
Add component (AddParameter): Name = "Chung_Loai"; Value = "Dán"; VariantName = "[No Variations]"
Add component (AddParameter): Name = "Don_Vi"; Value = "Con"; VariantName = "[No Variations]"
Add component (AddParameter): Name = "Kieu_Chan"; Value = ""; VariantName = "[No Variations]"
Add component (AddParameter): Name = "Ma_Hang"; Value = "MH004552"; VariantName = "[No Variations]"
Add component (AddParameter): Name = "So_Chan"; Value = "2"; VariantName = "[No Variations]"
Add component (AddParameter): Name = "Ten_Linh_Kien"; Value = "T? 0805 105-1uF 10% 50V"; VariantName = "[No Variations]"
Added Component: Designator=C4(tu 0805)
Add component (AddParameter): Name = "Chung_Loai"; Value = "Dán"; VariantName = "[No Variations]"
Add component (AddParameter): Name = "Don_Vi"; Value = "Con"; VariantName = "[No Variations]"
Add component (AddParameter): Name = "Kieu_Chan"; Value = ""; VariantName = "[No Variations]"
Add component (AddParameter): Name = "Ma_Hang"; Value = "MH004551"; VariantName = "[No Variations]"
Add component (AddParameter): Name = "So_Chan"; Value = "2"; VariantName = "[No Variations]"
Add component (AddParameter): Name = "Ten_Linh_Kien"; Value = "T? 0805 104-100nF 10% 50V"; VariantName = "[No Variations]"
Added Component: Designator=C5(tu 0805)
Add component (AddParameter): Name = "Chung_Loai"; Value = "Dán"; VariantName = "[No Variations]"
Add component (AddParameter): Name = "Don_Vi"; Value = "Con"; VariantName = "[No Variations]"
Add component (AddParameter): Name = "Kieu_Chan"; Value = ""; VariantName = "[No Variations]"
Add component (AddParameter): Name = "Ma_Hang"; Value = "MH004276"; VariantName = "[No Variations]"
Add component (AddParameter): Name = "So_Chan"; Value = "2"; VariantName = "[No Variations]"
Add component (AddParameter): Name = "Ten_Linh_Kien"; Value = "T? 0805 475-4.7uF 20% 25V"; VariantName = "[No Variations]"
Added Component: Designator=C6(tu 0805)
Add component (AddParameter): Name = "Chung_Loai"; Value = "Dán"; VariantName = "[No Variations]"
Add component (AddParameter): Name = "Don_Vi"; Value = "Con"; VariantName = "[No Variations]"
Add component (AddParameter): Name = "Kieu_Chan"; Value = ""; VariantName = "[No Variations]"
Add component (AddParameter): Name = "Ma_Hang"; Value = "MH004552"; VariantName = "[No Variations]"
Add component (AddParameter): Name = "So_Chan"; Value = "2"; VariantName = "[No Variations]"
Add component (AddParameter): Name = "Ten_Linh_Kien"; Value = "T? 0805 105-1uF 10% 50V"; VariantName = "[No Variations]"
Added Component: Designator=C11(tu 1206)
Add component (AddParameter): Name = "Chung_Loai"; Value = "Dán"; VariantName = "[No Variations]"
Add component (AddParameter): Name = "Don_Vi"; Value = "Con"; VariantName = "[No Variations]"
Add component (AddParameter): Name = "Kieu_Chan"; Value = ""; VariantName = "[No Variations]"
Add component (AddParameter): Name = "Ma_Hang"; Value = "MH004543"; VariantName = "[No Variations]"
Add component (AddParameter): Name = "So_Chan"; Value = "2"; VariantName = "[No Variations]"
Add component (AddParameter): Name = "Ten_Linh_Kien"; Value = "T? 1206 103-10nF 10% 50V"; VariantName = "[No Variations]"
Added Component: Designator=C13(tu 0603)
Add component (AddParameter): Name = "Chung_Loai"; Value = "Dán"; VariantName = "[No Variations]"
Add component (AddParameter): Name = "Don_Vi"; Value = "Con"; VariantName = "[No Variations]"
Add component (AddParameter): Name = "Kieu_Chan"; Value = ""; VariantName = "[No Variations]"
Add component (AddParameter): Name = "Ma_Hang"; Value = "MH004569"; VariantName = "[No Variations]"
Add component (AddParameter): Name = "So_Chan"; Value = "2"; VariantName = "[No Variations]"
Add component (AddParameter): Name = "Ten_Linh_Kien"; Value = "T? 0603 105-1uF 50V 10%"; VariantName = "[No Variations]"
Added Component: Designator=C14(tu 0603)
Add component (AddParameter): Name = "Chung_Loai"; Value = "Dán"; VariantName = "[No Variations]"
Add component (AddParameter): Name = "Don_Vi"; Value = "Con"; VariantName = "[No Variations]"
Add component (AddParameter): Name = "Kieu_Chan"; Value = ""; VariantName = "[No Variations]"
Add component (AddParameter): Name = "Ma_Hang"; Value = "MH004569"; VariantName = "[No Variations]"
Add component (AddParameter): Name = "So_Chan"; Value = "2"; VariantName = "[No Variations]"
Add component (AddParameter): Name = "Ten_Linh_Kien"; Value = "T? 0603 105-1uF 50V 10%"; VariantName = "[No Variations]"
Added Component: Designator=H1(XH2.54M-3)
Add component (AddParameter): Name = "Chung_Loai"; Value = "C?m"; VariantName = "[No Variations]"
Add component (AddParameter): Name = "Don_Vi"; Value = "Con"; VariantName = "[No Variations]"
Add component (AddParameter): Name = "Ghi_Chu"; Value = ""; VariantName = "[No Variations]"
Add component (AddParameter): Name = "Kieu_Chan"; Value = ""; VariantName = "[No Variations]"
Add component (AddParameter): Name = "Ma_Hang"; Value = "MH001292"; VariantName = "[No Variations]"
Add component (AddParameter): Name = "Ten_Linh_Kien"; Value = "Header 3P XH2.54-3P Ð?c Th?ng"; VariantName = "[No Variations]"
Added Component: Designator=Q1(SOT-23)
Add component (AddParameter): Name = "Value"; Value = "C9014"; VariantName = "[No Variations]"
Added Component: Designator=Q2(SOT-23)
Add component (AddParameter): Name = "Value"; Value = "C9014"; VariantName = "[No Variations]"
Added Component: Designator=R1(tro smd 0603)
Add component (AddParameter): Name = "Chung_Loai"; Value = "Dán"; VariantName = "[No Variations]"
Add component (AddParameter): Name = "Don_Vi"; Value = "Con"; VariantName = "[No Variations]"
Add component (AddParameter): Name = "Kieu_Chan"; Value = ""; VariantName = "[No Variations]"
Add component (AddParameter): Name = "Ma_Hang"; Value = "MH005792"; VariantName = "[No Variations]"
Add component (AddParameter): Name = "So_Chan"; Value = "2"; VariantName = "[No Variations]"
Add component (AddParameter): Name = "Ten_Linh_Kien"; Value = "Tr? 0603 1% 0R"; VariantName = "[No Variations]"
Added Component: Designator=R2(tro smd 0603)
Add component (AddParameter): Name = "Chung_Loai"; Value = "Dán"; VariantName = "[No Variations]"
Add component (AddParameter): Name = "Don_Vi"; Value = "Con"; VariantName = "[No Variations]"
Add component (AddParameter): Name = "Kieu_Chan"; Value = ""; VariantName = "[No Variations]"
Add component (AddParameter): Name = "Ma_Hang"; Value = "MH005792"; VariantName = "[No Variations]"
Add component (AddParameter): Name = "So_Chan"; Value = "2"; VariantName = "[No Variations]"
Add component (AddParameter): Name = "Ten_Linh_Kien"; Value = "Tr? 0603 1% 0R"; VariantName = "[No Variations]"
Added Component: Designator=R3(tro smd 0805)
Add component (AddParameter): Name = "Chung_Loai"; Value = "Dán"; VariantName = "[No Variations]"
Add component (AddParameter): Name = "Don_Vi"; Value = "Con"; VariantName = "[No Variations]"
Add component (AddParameter): Name = "Kieu_Chan"; Value = ""; VariantName = "[No Variations]"
Add component (AddParameter): Name = "Ma_Hang"; Value = "MH005307"; VariantName = "[No Variations]"
Add component (AddParameter): Name = "So_Chan"; Value = "2"; VariantName = "[No Variations]"
Add component (AddParameter): Name = "Ten_Linh_Kien"; Value = "Tr? 0805 5% 4.7k"; VariantName = "[No Variations]"
Added Component: Designator=R5(tro smd 0805)
Add component (AddParameter): Name = "Chung_Loai"; Value = "Dán"; VariantName = "[No Variations]"
Add component (AddParameter): Name = "Don_Vi"; Value = "Con"; VariantName = "[No Variations]"
Add component (AddParameter): Name = "Kieu_Chan"; Value = ""; VariantName = "[No Variations]"
Add component (AddParameter): Name = "Ma_Hang"; Value = "MH005473"; VariantName = "[No Variations]"
Add component (AddParameter): Name = "So_Chan"; Value = "2"; VariantName = "[No Variations]"
Add component (AddParameter): Name = "Ten_Linh_Kien"; Value = "Tr? 0805 1% 10k"; VariantName = "[No Variations]"
Added Component: Designator=R10(tro smd 0805)
Add component (AddParameter): Name = "Chung_Loai"; Value = "Dán"; VariantName = "[No Variations]"
Add component (AddParameter): Name = "Don_Vi"; Value = "Con"; VariantName = "[No Variations]"
Add component (AddParameter): Name = "Kieu_Chan"; Value = ""; VariantName = "[No Variations]"
Add component (AddParameter): Name = "Ma_Hang"; Value = "MH005473"; VariantName = "[No Variations]"
Add component (AddParameter): Name = "So_Chan"; Value = "2"; VariantName = "[No Variations]"
Add component (AddParameter): Name = "Ten_Linh_Kien"; Value = "Tr? 0805 1% 10k"; VariantName = "[No Variations]"
Added Component: Designator=R12(tro smd 0805)
Add component (AddParameter): Name = "Chung_Loai"; Value = "Dán"; VariantName = "[No Variations]"
Add component (AddParameter): Name = "Don_Vi"; Value = "Con"; VariantName = "[No Variations]"
Add component (AddParameter): Name = "Kieu_Chan"; Value = ""; VariantName = "[No Variations]"
Add component (AddParameter): Name = "Ma_Hang"; Value = "MH005473"; VariantName = "[No Variations]"
Add component (AddParameter): Name = "So_Chan"; Value = "2"; VariantName = "[No Variations]"
Add component (AddParameter): Name = "Ten_Linh_Kien"; Value = "Tr? 0805 1% 10k"; VariantName = "[No Variations]"
Added Component: Designator=R20(tro smd 0805)
Add component (AddParameter): Name = "Chung_Loai"; Value = "Dán"; VariantName = "[No Variations]"
Add component (AddParameter): Name = "Don_Vi"; Value = "Con"; VariantName = "[No Variations]"
Add component (AddParameter): Name = "Kieu_Chan"; Value = ""; VariantName = "[No Variations]"
Add component (AddParameter): Name = "Ma_Hang"; Value = "MH005473"; VariantName = "[No Variations]"
Add component (AddParameter): Name = "So_Chan"; Value = "2"; VariantName = "[No Variations]"
Add component (AddParameter): Name = "Ten_Linh_Kien"; Value = "Tr? 0805 1% 10k"; VariantName = "[No Variations]"
Added Component: Designator=R21(tro smd 0603)
Add component (AddParameter): Name = "Chung_Loai"; Value = "Dán"; VariantName = "[No Variations]"
Add component (AddParameter): Name = "Don_Vi"; Value = "Con"; VariantName = "[No Variations]"
Add component (AddParameter): Name = "Kieu_Chan"; Value = ""; VariantName = "[No Variations]"
Add component (AddParameter): Name = "Ma_Hang"; Value = "MH005792"; VariantName = "[No Variations]"
Add component (AddParameter): Name = "So_Chan"; Value = "2"; VariantName = "[No Variations]"
Add component (AddParameter): Name = "Ten_Linh_Kien"; Value = "Tr? 0603 1% 0R"; VariantName = "[No Variations]"
Added Component: Designator=R22(tro smd 0603)
Add component (AddParameter): Name = "Chung_Loai"; Value = "Dán"; VariantName = "[No Variations]"
Add component (AddParameter): Name = "Don_Vi"; Value = "Con"; VariantName = "[No Variations]"
Add component (AddParameter): Name = "Kieu_Chan"; Value = ""; VariantName = "[No Variations]"
Add component (AddParameter): Name = "Ma_Hang"; Value = "MH005792"; VariantName = "[No Variations]"
Add component (AddParameter): Name = "So_Chan"; Value = "2"; VariantName = "[No Variations]"
Add component (AddParameter): Name = "Ten_Linh_Kien"; Value = "Tr? 0603 1% 0R"; VariantName = "[No Variations]"
Added Component: Designator=U1(XCVR_ESP32-C3-MINI-1U-N4)
Add component (AddParameter): Name = "Availability"; Value = "In Stock"; VariantName = "[No Variations]"
Add component (AddParameter): Name = "Check_prices"; Value = "https://www.snapeda.com/parts/ESP32-C3-MINI-1U-N4/Espressif+Systems/view-part/?ref=eda"; VariantName = "[No Variations]"
Add component (AddParameter): Name = "MF"; Value = "Espressif Systems"; VariantName = "[No Variations]"
Add component (AddParameter): Name = "MP"; Value = "ESP32-C3-MINI-1U-N4"; VariantName = "[No Variations]"
Add component (AddParameter): Name = "Package"; Value = "None"; VariantName = "[No Variations]"
Add component (AddParameter): Name = "Price"; Value = "None"; VariantName = "[No Variations]"
Add component (AddParameter): Name = "Purchase-URL"; Value = "https://pricing.snapeda.com/search/part/ESP32-C3-MINI-1U-N4/?ref=eda"; VariantName = "[No Variations]"
Add component (AddParameter): Name = "SnapEDA_Link"; Value = "https://www.snapeda.com/parts/ESP32-C3-MINI-1U-N4/Espressif+Systems/view-part/?ref=snap"; VariantName = "[No Variations]"
Add component (AddParameter): Name = "Value"; Value = ""; VariantName = "[No Variations]"
Added Component: Designator=U3(SOIC16_50_284_25X90_SMT)
Add component (AddParameter): Name = "Alternate Part Number-1"; Value = "NA"; VariantName = "[No Variations]"
Add component (AddParameter): Name = "Case/Package"; Value = "SOIC16"; VariantName = "[No Variations]"
Add component (AddParameter): Name = "Manufacturer"; Value = "Olimex"; VariantName = "[No Variations]"
Add component (AddParameter): Name = "Manufacturer Part Number"; Value = "CH340C"; VariantName = "[No Variations]"
Add component (AddParameter): Name = "Supplier Part Number-1"; Value = "C84681"; VariantName = "[No Variations]"
Add component (AddParameter): Name = "Supplier-1"; Value = "LCSC"; VariantName = "[No Variations]"
Added Component: Designator=USB1(USB Micro 5p SMD)
Add component (AddParameter): Name = "Ma_Hang"; Value = "MH001020"; VariantName = "[No Variations]"
Add component (AddParameter): Name = "Ten"; Value = "MicroUSB MK5P SMD"; VariantName = "[No Variations]"
Added Pin To Net: NetName=BAT- Pin=BT1-1
Added Pin To Net: NetName=BAT- Pin=BT2-1
Added Pin To Net: NetName=BAT+ Pin=BT3-1-
Added Pin To Net: NetName=BAT- Pin=BT3-2-
Added Pin To Net: NetName=BAT- Pin=C1-2
Added Pin To Net: NetName=BAT- Pin=C2-2
Added Pin To Net: NetName=BAT- Pin=C3-2
Added Pin To Net: NetName=BAT- Pin=C4-2
Added Pin To Net: NetName=BAT- Pin=C5-2
Added Pin To Net: NetName=BAT- Pin=C6-2
Added Pin To Net: NetName=BAT- Pin=C11-2
Added Pin To Net: NetName=BAT- Pin=C13-2
Added Pin To Net: NetName=BAT- Pin=C14-2
Added Pin To Net: NetName=BAT- Pin=H1-3
Added Pin To Net: NetName=BAT- Pin=U1-1
Added Pin To Net: NetName=BAT- Pin=U1-2
Added Pin To Net: NetName=BAT- Pin=U1-11
Added Pin To Net: NetName=BAT- Pin=U1-14
Added Pin To Net: NetName=BAT- Pin=U1-36
Added Pin To Net: NetName=BAT- Pin=U1-37
Added Pin To Net: NetName=BAT- Pin=U1-38
Added Pin To Net: NetName=BAT- Pin=U1-39
Added Pin To Net: NetName=BAT- Pin=U1-40
Added Pin To Net: NetName=BAT- Pin=U1-41
Added Pin To Net: NetName=BAT- Pin=U1-42
Added Pin To Net: NetName=BAT- Pin=U1-43
Added Pin To Net: NetName=BAT- Pin=U1-44
Added Pin To Net: NetName=BAT- Pin=U1-45
Added Pin To Net: NetName=BAT- Pin=U1-46
Added Pin To Net: NetName=BAT- Pin=U1-47
Added Pin To Net: NetName=BAT- Pin=U1-48
Added Pin To Net: NetName=BAT- Pin=U1-49_1
Added Pin To Net: NetName=BAT- Pin=U1-49_2
Added Pin To Net: NetName=BAT- Pin=U1-49_3
Added Pin To Net: NetName=BAT- Pin=U1-49_4
Added Pin To Net: NetName=BAT- Pin=U1-49_5
Added Pin To Net: NetName=BAT- Pin=U1-49_6
Added Pin To Net: NetName=BAT- Pin=U1-49_7
Added Pin To Net: NetName=BAT- Pin=U1-49_8
Added Pin To Net: NetName=BAT- Pin=U1-49_9
Added Pin To Net: NetName=BAT- Pin=U1-50
Added Pin To Net: NetName=BAT- Pin=U1-51
Added Pin To Net: NetName=BAT- Pin=U1-52
Added Pin To Net: NetName=BAT- Pin=U1-53
Added Pin To Net: NetName=BAT- Pin=U3-1
Added Pin To Net: NetName=BAT- Pin=USB1-5
Added Pin To Net: NetName=BAT- Pin=USB1-5
Added Pin To Net: NetName=BAT- Pin=USB1-5
Added Pin To Net: NetName=CHIP_EN Pin=BT2-4
Added Pin To Net: NetName=CHIP_EN Pin=C6-1
Added Pin To Net: NetName=CHIP_EN Pin=C14-1
Added Pin To Net: NetName=CHIP_EN Pin=Q1-3
Added Pin To Net: NetName=CHIP_EN Pin=R5-1
Added Pin To Net: NetName=CHIP_EN Pin=U1-8
Added Net: Name=CHIP_EN
Added Pin To Net: NetName=DN Pin=R1-1
Added Pin To Net: NetName=DN Pin=U3-6
Added Pin To Net: NetName=DN Pin=USB1-2
Added Net: Name=DN
Added Pin To Net: NetName=DP Pin=R2-1
Added Pin To Net: NetName=DP Pin=U3-5
Added Pin To Net: NetName=DP Pin=USB1-3
Added Net: Name=DP
Added Pin To Net: NetName=DTR Pin=Q2-2
Added Pin To Net: NetName=DTR Pin=R10-1
Added Pin To Net: NetName=DTR Pin=U3-13
Added Net: Name=DTR
Added Pin To Net: NetName=GPIO0 Pin=U1-12
Added Net: Name=GPIO0
Added Pin To Net: NetName=GPIO1 Pin=U1-13
Added Net: Name=GPIO1
Added Pin To Net: NetName=GPIO2 Pin=U1-5
Added Net: Name=GPIO2
Added Pin To Net: NetName=GPIO3 Pin=U1-6
Added Net: Name=GPIO3
Added Pin To Net: NetName=GPIO4 Pin=U1-18
Added Net: Name=GPIO4
Added Pin To Net: NetName=GPIO5 Pin=U1-19
Added Net: Name=GPIO5
Added Pin To Net: NetName=GPIO6 Pin=U1-20
Added Net: Name=GPIO6
Added Pin To Net: NetName=GPIO7 Pin=U1-21
Added Net: Name=GPIO7
Added Pin To Net: NetName=GPIO8 Pin=R20-1
Added Pin To Net: NetName=GPIO8 Pin=U1-22
Added Net: Name=GPIO8
Added Pin To Net: NetName=GPIO9 Pin=BT1-4
Added Pin To Net: NetName=GPIO9 Pin=C13-1
Added Pin To Net: NetName=GPIO9 Pin=Q2-3
Added Pin To Net: NetName=GPIO9 Pin=U1-23
Added Net: Name=GPIO9
Added Pin To Net: NetName=GPIO10 Pin=U1-16
Added Net: Name=GPIO10
Added Pin To Net: NetName=GPIO18 Pin=R1-2
Added Pin To Net: NetName=GPIO18 Pin=U1-26
Added Net: Name=GPIO18
Added Pin To Net: NetName=GPIO19 Pin=R2-2
Added Pin To Net: NetName=GPIO19 Pin=U1-27
Added Net: Name=GPIO19
Added Pin To Net: NetName=NetBT3_1+ Pin=BT3-1+
Added Pin To Net: NetName=NetBT3_1+ Pin=BT3-2+
Added Net: Name=NetBT3_1+
Added Pin To Net: NetName=NetC11_1 Pin=C11-1
Added Pin To Net: NetName=NetC11_1 Pin=U3-4
Added Net: Name=NetC11_1
Added Pin To Net: NetName=NetH1_1 Pin=H1-1
Added Pin To Net: NetName=NetH1_1 Pin=R3-2
Added Net: Name=NetH1_1
Added Pin To Net: NetName=NetQ1_1 Pin=Q1-1
Added Pin To Net: NetName=NetQ1_1 Pin=R10-2
Added Net: Name=NetQ1_1
Added Pin To Net: NetName=NetQ2_1 Pin=Q2-1
Added Pin To Net: NetName=NetQ2_1 Pin=R12-2
Added Net: Name=NetQ2_1
Added Pin To Net: NetName=RTS Pin=Q1-2
Added Pin To Net: NetName=RTS Pin=R12-1
Added Pin To Net: NetName=RTS Pin=U3-14
Added Net: Name=RTS
Added Pin To Net: NetName=RXD Pin=R22-1
Added Pin To Net: NetName=RXD Pin=U3-3
Added Net: Name=RXD
Added Pin To Net: NetName=TXD Pin=R21-1
Added Pin To Net: NetName=TXD Pin=U3-2
Added Net: Name=TXD
Added Pin To Net: NetName=U0RXD Pin=R21-2
Added Pin To Net: NetName=U0RXD Pin=U1-30
Added Net: Name=U0RXD
Added Pin To Net: NetName=U0TXD Pin=R22-2
Added Pin To Net: NetName=U0TXD Pin=U1-31
Added Net: Name=U0TXD
Added Pin To Net: NetName=VBUS Pin=C4-1
Added Pin To Net: NetName=VBUS Pin=C5-1
Added Pin To Net: NetName=VBUS Pin=U3-16
Added Pin To Net: NetName=VBUS Pin=USB1-1
Added Net: Name=VBUS
Added Pin To Net: NetName=VCC_3V3 Pin=C1-1
Added Pin To Net: NetName=VCC_3V3 Pin=C2-1
Added Pin To Net: NetName=VCC_3V3 Pin=C3-1
Added Pin To Net: NetName=VCC_3V3 Pin=H1-2
Added Pin To Net: NetName=VCC_3V3 Pin=R3-1
Added Pin To Net: NetName=VCC_3V3 Pin=R5-2
Added Pin To Net: NetName=VCC_3V3 Pin=R20-2
Added Pin To Net: NetName=VCC_3V3 Pin=U1-3
Added Net: Name=VCC_3V3
Added Class: Name=Designator
Added Class: Name=ESP32C3-MINI
Added Member To Class: ClassName=Power Member=Component BT3 18650-2Cell
Added Room: Name=Designator
Added Room: Name=ESP32C3-MINI
Added Room: Name=Power
