Removed Pin From Net: NetName=GND Pin=AMS1-1
Removed Pin From Net: NetName=VCC_3V3MCU Pin=AMS1-2
Removed Pin From Net: NetName=VCC_3V3MCU Pin=AMS1-4
Removed Pin From Net: NetName=GND Pin=BT-3-
Removed Pin From Net: NetName=VCC_3V3MCU Pin=C7-1
Removed Pin From Net: NetName=GND Pin=C7-2
Removed Pin From Net: NetName=VCC_3V3MCU Pin=C8-1
Removed Pin From Net: NetName=GND Pin=C8-2
Removed Pin From Net: NetName=GND Pin=C9-2
Removed Pin From Net: NetName=GND Pin=C10-2
Removed Pin From Net: NetName=GND Pin=J1-IN1-
Removed Pin From Net: NetName=GND Pin=J1-IN2-
Removed Pin From Net: NetName=GND Pin=J1-OUT1-
Removed Pin From Net: NetName=GND Pin=J1-OUT2-
Removed Pin From Net: NetName=GND Pin=JP1-1
Removed Pin From Net: NetName=GND Pin=JP1-2
Removed Pin From Net: NetName=GND Pin=JP1-3
Removed Pin From Net: NetName=GND Pin=JP2-1
Removed Pin From Net: NetName=GND Pin=JP2-2
Removed Pin From Net: NetName=GND Pin=JP2-3
Removed Pin From Net: NetName=GND Pin=JP3-1
Removed Pin From Net: NetName=GND Pin=JP3-2
Removed Pin From Net: NetName=GND Pin=JP3-3
Removed Pin From Net: NetName=VCC_3V3MCU Pin=JP3-4
Removed Pin From Net: NetName=VCC_3V3MCU Pin=JP3-5
Removed Pin From Net: NetName=VCC_3V3MCU Pin=JP3-6
Added Component: Designator=H5(VH3.96M-2)
Add component (AddParameter): Name = "Chung_Loai"; Value = "C?m"; VariantName = "[No Variations]"
Add component (AddParameter): Name = "Don_Vi"; Value = "Con"; VariantName = "[No Variations]"
Add component (AddParameter): Name = "Ghi_Chu"; Value = ""; VariantName = "[No Variations]"
Add component (AddParameter): Name = "Kieu_Chan"; Value = ""; VariantName = "[No Variations]"
Add component (AddParameter): Name = "Ma_Hang"; Value = "MH001283"; VariantName = "[No Variations]"
Add component (AddParameter): Name = "Ten_Linh_Kien"; Value = "Header 2P XH2.54-2P Ð?c Th?ng"; VariantName = "[No Variations]"
Added Pin To Net: NetName=GND Pin=H5-1
Added Pin To Net: NetName=VCC_3V3MCU Pin=H5-2
Added Member To Class: ClassName=ESP32C3-MINI Member=Component H5 Header 2P VH3.96 Duc Thang
Added Room: Name=ESP32C3-MINI
