Removed Pin From Net: NetName=GND Pin=J2-5
Added Pin To Net: NetName=VCC_12VDC Pin=KF1-1
Added Pin To Net: NetName=GND Pin=KF1-2
Added Member To Class: ClassName=Relay Member=Component D1 SS34
Added Member To Class: ClassName=Relay Member=Component D2 SS34
Added Member To Class: ClassName=Relay Member=Component D3 SS34
Added Member To Class: ClassName=Relay Member=Component D4 SS34
Added Member To Class: ClassName=Relay Member=Component H1 Header 2P 2.54 Duc Thang
Added Member To Class: ClassName=Relay Member=Component L1 LED 0805
Added Member To Class: ClassName=Relay Member=Component L2 LED 0805
Added Member To Class: ClassName=Relay Member=Component L3 LED 0805
Added Member To Class: ClassName=Relay Member=Component L4 LED 0805
Added Member To Class: ClassName=Relay Member=Component P1 CON 3 EDG5.08
Added Member To Class: ClassName=Relay Member=Component P2 CON 3 EDG5.08
Added Member To Class: ClassName=Relay Member=Component P3 CON 3 EDG5.08
Added Member To Class: ClassName=Relay Member=Component P4 CON 3 EDG5.08
Added Member To Class: ClassName=Relay Member=Component Q1 BC817
Added Member To Class: ClassName=Relay Member=Component Q2 BC817
Added Member To Class: ClassName=Relay Member=Component Q3 BC817
Added Member To Class: ClassName=Relay Member=Component Q4 BC817
Added Member To Class: ClassName=Relay Member=Component R1 1k
Added Member To Class: ClassName=Relay Member=Component R2 510k
Added Member To Class: ClassName=Relay Member=Component R3 1k
Added Member To Class: ClassName=Relay Member=Component R4 510k
Added Member To Class: ClassName=Relay Member=Component R5 1k
Added Member To Class: ClassName=Relay Member=Component R6 510k
Added Member To Class: ClassName=Relay Member=Component R7 1k
Added Member To Class: ClassName=Relay Member=Component R8 510k
Added Member To Class: ClassName=Relay Member=Component RL1 Relay
Added Member To Class: ClassName=Relay Member=Component RL2 Relay
Added Member To Class: ClassName=Relay Member=Component RL3 Relay
Added Member To Class: ClassName=Relay Member=Component RL4 Relay
Added Member To Class: ClassName=Relay Member=Component U1 OPTO PC817 SMD
Added Member To Class: ClassName=Relay Member=Component U2 OPTO PC817 SMD
Added Member To Class: ClassName=Relay Member=Component U3 OPTO PC817 SMD
Added Member To Class: ClassName=Relay Member=Component U4 OPTO PC817 SMD
Added Room: Name=MCU
Added Room: Name=Power
Added Room: Name=Relay
Added Room: Name=RF
Added Room: Name=SD
Added Room: Name=SIM
